Bazinga Server started on localhost:3000
Bazinga Server started on localhost:3000
Bazinga Server started on localhost:3000
/
/favicon.ico
Bazinga Server started on localhost:3000
Bazinga Server started on localhost:3000
Bazinga Server started on localhost:3000
Bazinga Server started on localhost:3000
Request received: /
Request received: /favicon.ico
Bazinga Server started on localhost:3000
Request received: /
Bazinga Server started on localhost:3000
Request received: /
Request received: /
Bazinga Server started on localhost:3000
Request received: /
Bazinga Server started on localhost:3000
Request received: /
Request received: /favicon.ico
Bazinga Server started on localhost:3000
Request received: /
Request received: /favicon.ico
Bazinga Server started on localhost:3000
Request received: /
Request received: /favicon.ico
Bazinga Server started on localhost:3000
Request received: /
Request received: /favicon.ico
Request received: /
Request received: /favicon.ico
